<?xml version="1.0" encoding="UTF-8"?>
<!-- Generated by org.testng.reporters.JUnitReportReporter -->
<testsuite skipped="4" hostname="INF84" name="br.gov.pa.ufpa.velocity.teste.TesteSQL" tests="5" failures="0" timestamp="16 set 2019 17:55:17 GMT" time="3.594" errors="0">
  <testcase name="obterSchemas" time="3.594" classname="br.gov.pa.ufpa.velocity.teste.TesteSQL"/>
  <testcase name="obterBanco" classname="br.gov.pa.ufpa.velocity.teste.TesteSQL">
    <skipped/>
  </testcase> <!-- obterBanco -->
  <testcase name="obterDados" classname="br.gov.pa.ufpa.velocity.teste.TesteSQL">
    <skipped/>
  </testcase> <!-- obterDados -->
  <testcase name="obterBase" classname="br.gov.pa.ufpa.velocity.teste.TesteSQL">
    <skipped/>
  </testcase> <!-- obterBase -->
  <testcase name="TesteGerarSQL" classname="br.gov.pa.ufpa.velocity.teste.TesteSQL">
    <skipped/>
  </testcase> <!-- TesteGerarSQL -->
</testsuite> <!-- br.gov.pa.ufpa.velocity.teste.TesteSQL -->
