<?xml version="1.0" encoding="UTF-8"?>
<!-- Generated by org.testng.reporters.JUnitReportReporter -->
<testsuite skipped="1" hostname="INF84" name="br.gov.pa.ufpa.velocity.teste.TesteSQL" tests="2" failures="0" timestamp="13 set 2019 17:29:11 GMT" time="8.348" errors="0">
  <testcase name="TesteGerarSQL" time="8.348" classname="br.gov.pa.ufpa.velocity.teste.TesteSQL"/>
  <testcase name="obterDados" classname="br.gov.pa.ufpa.velocity.teste.TesteSQL">
    <skipped/>
  </testcase> <!-- obterDados -->
</testsuite> <!-- br.gov.pa.ufpa.velocity.teste.TesteSQL -->
