<?xml version="1.0" encoding="UTF-8"?>
<!-- Generated by org.testng.reporters.JUnitReportReporter -->
<testsuite skipped="0" hostname="INF84" name="br.gov.pa.ufpa.velocity.teste.TesteSQL" tests="1" failures="0" timestamp="13 set 2019 14:07:12 GMT" time="5.959" errors="0">
  <testcase name="TesteGerarSQL" time="5.959" classname="br.gov.pa.ufpa.velocity.teste.TesteSQL"/>
</testsuite> <!-- br.gov.pa.ufpa.velocity.teste.TesteSQL -->
