<?xml version="1.0" encoding="UTF-8"?>
<!-- Generated by org.testng.reporters.JUnitReportReporter -->
<testsuite skipped="0" hostname="INF84" name="br.gov.pa.ufpa.velocity.teste.TesteSQL" tests="1" failures="0" timestamp="11 set 2019 12:27:09 GMT" time="5.976" errors="0">
  <testcase name="TesteGerarSQL" time="5.976" classname="br.gov.pa.ufpa.velocity.teste.TesteSQL"/>
</testsuite> <!-- br.gov.pa.ufpa.velocity.teste.TesteSQL -->
