<?xml version="1.0" encoding="UTF-8"?>
<!-- Generated by org.testng.reporters.JUnitReportReporter -->
<testsuite skipped="1" hostname="INF84" name="br.gov.pa.ufpa.velocity.teste.TesteAprendizado" tests="2" failures="0" timestamp="09 set 2019 17:12:49 GMT" time="5.596" errors="0">
  <testcase name="imprimirTabelaPorSchema" time="5.596" classname="br.gov.pa.ufpa.velocity.teste.TesteAprendizado"/>
  <testcase name="imprimirSchemas" classname="br.gov.pa.ufpa.velocity.teste.TesteAprendizado">
    <skipped/>
  </testcase> <!-- imprimirSchemas -->
</testsuite> <!-- br.gov.pa.ufpa.velocity.teste.TesteAprendizado -->
