<?xml version="1.0" encoding="UTF-8"?>
<!-- Generated by org.testng.reporters.JUnitReportReporter -->
<testsuite skipped="2" hostname="INF84" name="br.gov.pa.ufpa.velocity.teste.TesteAprendizado" tests="3" failures="0" timestamp="10 set 2019 14:53:21 GMT" time="2.579" errors="0">
  <testcase name="obterFKs" time="2.579" classname="br.gov.pa.ufpa.velocity.teste.TesteAprendizado"/>
  <testcase name="imprimirSchemas" classname="br.gov.pa.ufpa.velocity.teste.TesteAprendizado">
    <skipped/>
  </testcase> <!-- imprimirSchemas -->
  <testcase name="imprimirTabelaPorSchema" classname="br.gov.pa.ufpa.velocity.teste.TesteAprendizado">
    <skipped/>
  </testcase> <!-- imprimirTabelaPorSchema -->
</testsuite> <!-- br.gov.pa.ufpa.velocity.teste.TesteAprendizado -->
