<?xml version="1.0" encoding="UTF-8"?>
<!-- Generated by org.testng.reporters.JUnitReportReporter -->
<testsuite skipped="0" hostname="INF84" name="br.gov.pa.ufpa.velocity.teste.TesteSQL" tests="1" failures="0" timestamp="10 set 2019 17:02:35 GMT" time="6.578" errors="0">
  <testcase name="TesteGerarSQL" time="6.578" classname="br.gov.pa.ufpa.velocity.teste.TesteSQL"/>
</testsuite> <!-- br.gov.pa.ufpa.velocity.teste.TesteSQL -->
