<?xml version="1.0" encoding="UTF-8"?>
<!-- Generated by org.testng.reporters.JUnitReportReporter -->
<testsuite skipped="0" hostname="INF84" name="br.gov.pa.ufpa.velocity.teste.TesteSQL" tests="1" failures="0" timestamp="09 set 2019 16:47:35 GMT" time="4.006" errors="0">
  <testcase name="TesteGerarSQL" time="4.006" classname="br.gov.pa.ufpa.velocity.teste.TesteSQL"/>
</testsuite> <!-- br.gov.pa.ufpa.velocity.teste.TesteSQL -->
