<?xml version="1.0" encoding="UTF-8"?>
<!-- Generated by org.testng.reporters.JUnitReportReporter -->
<testsuite skipped="5" hostname="INF84" name="br.gov.pa.ufpa.velocity.teste.TesteSQL" tests="6" failures="0" timestamp="04 nov 2019 14:34:18 GMT" time="4.035" errors="0">
  <testcase name="obterSchemas" time="4.035" classname="br.gov.pa.ufpa.velocity.teste.TesteSQL"/>
  <testcase name="obterTabelas" classname="br.gov.pa.ufpa.velocity.teste.TesteSQL">
    <skipped/>
  </testcase> <!-- obterTabelas -->
  <testcase name="obterBanco" classname="br.gov.pa.ufpa.velocity.teste.TesteSQL">
    <skipped/>
  </testcase> <!-- obterBanco -->
  <testcase name="obterDados" classname="br.gov.pa.ufpa.velocity.teste.TesteSQL">
    <skipped/>
  </testcase> <!-- obterDados -->
  <testcase name="obterBase" classname="br.gov.pa.ufpa.velocity.teste.TesteSQL">
    <skipped/>
  </testcase> <!-- obterBase -->
  <testcase name="TesteGerarSQL" classname="br.gov.pa.ufpa.velocity.teste.TesteSQL">
    <skipped/>
  </testcase> <!-- TesteGerarSQL -->
</testsuite> <!-- br.gov.pa.ufpa.velocity.teste.TesteSQL -->
